-------------------------------------------------------------------------------
Test set: ru.LoginTest.MailTest
-------------------------------------------------------------------------------
Tests run: 2, Failures: 0, Errors: 2, Skipped: 0, Time elapsed: 47.734 sec <<< FAILURE!
testMail(ru.LoginTest.MailTest)  Time elapsed: 47.671 sec  <<< ERROR!
org.openqa.selenium.WebDriverException: Failed to connect to binary FirefoxBinary(C:\Program Files (x86)\Mozilla Firefox\firefox.exe) on port 7055; process output follows: 
bootstrap method startup on e10srollout@mozilla.org version 1.14
1493765145860	addons.xpi	DEBUG	Registering manifest for C:\Program Files (x86)\Mozilla Firefox\browser\features\firefox@getpocket.com.xpi
1493765145861	addons.xpi	DEBUG	Calling bootstrap method startup on firefox@getpocket.com version 1.0.5
1493765145862	addons.xpi	DEBUG	Registering manifest for C:\Program Files (x86)\Mozilla Firefox\browser\features\webcompat@mozilla.org.xpi
1493765145862	addons.xpi	DEBUG	Calling bootstrap method startup on webcompat@mozilla.org version 1.0
1493765145864	addons.manager	DEBUG	Registering shutdown blocker for XPIProvider
1493765145864	addons.manager	DEBUG	Provider finished startup: XPIProvider
1493765145864	addons.manager	DEBUG	Starting provider: LightweightThemeManager
1493765145865	addons.manager	DEBUG	Registering shutdown blocker for LightweightThemeManager
1493765145865	addons.manager	DEBUG	Provider finished startup: LightweightThemeManager
1493765145865	addons.manager	DEBUG	Starting provider: GMPProvider
1493765145869	addons.manager	DEBUG	Registering shutdown blocker for GMPProvider
1493765145870	addons.manager	DEBUG	Provider finished startup: GMPProvider
1493765145870	addons.manager	DEBUG	Starting provider: PluginProvider
1493765145870	addons.manager	DEBUG	Registering shutdown blocker for PluginProvider
1493765145870	addons.manager	DEBUG	Provider finished startup: PluginProvider
1493765145871	addons.manager	DEBUG	Completed startup sequence
1493765146339	DeferredSave.extensions.json	DEBUG	Starting timer
1493765146350	addons.manager	DEBUG	Starting provider: <unnamed-provider>
1493765146350	addons.manager	DEBUG	Registering shutdown blocker for <unnamed-provider>
1493765146350	addons.manager	DEBUG	Provider finished startup: <unnamed-provider>
1493765146416	DeferredSave.extensions.json	DEBUG	Starting write
1493765146505	addons.repository	DEBUG	No addons.json found.
1493765146506	DeferredSave.addons.json	DEBUG	Save changes
1493765146509	DeferredSave.addons.json	DEBUG	Starting timer
1493765146548	addons.manager	DEBUG	Starting provider: PreviousExperimentProvider
1493765146548	addons.manager	DEBUG	Registering shutdown blocker for PreviousExperimentProvider
1493765146548	addons.manager	DEBUG	Provider finished startup: PreviousExperimentProvider
1493765146561	DeferredSave.addons.json	DEBUG	Starting write
1493765146564	DeferredSave.extensions.json	DEBUG	Write succeeded
1493765146606	DeferredSave.addons.json	DEBUG	Write succeeded
1493765188082	addons.xpi	DEBUG	Calling bootstrap method shutdown on webcompat@mozilla.org version 1.0
1493765188083	addons.xpi	DEBUG	Calling bootstrap method shutdown on firefox@getpocket.com version 1.0.5
1493765188084	addons.xpi	DEBUG	Calling bootstrap method shutdown on e10srollout@mozilla.org version 1.14
1493765188087	addons.xpi	DEBUG	Calling bootstrap method shutdown on aushelper@mozilla.org version 2.0
[GPU 10432] WARNING: pipe error: 109: file c:/builds/moz2_slave/m-rel-w32-00000000000000000000/build/src/ipc/chromium/src/chrome/common/ipc_channel_win.cc, line 346
[Child 19428] WARNING: pipe error: 109: file c:/builds/moz2_slave/m-rel-w32-00000000000000000000/build/src/ipc/chromium/src/chrome/common/ipc_channel_win.cc, line 346
1493765188252	addons.manager	DEBUG	shutdown
1493765188253	addons.manager	DEBUG	Calling shutdown blocker for XPIProvider
1493765188253	addons.xpi	DEBUG	shutdown
1493765188253	addons.xpi-utils	DEBUG	shutdown
1493765188253	addons.manager	DEBUG	Calling shutdown blocker for LightweightThemeManager
1493765188254	addons.manager	DEBUG	Calling shutdown blocker for GMPProvider
1493765188257	addons.manager	DEBUG	Calling shutdown blocker for PluginProvider
1493765188257	addons.manager	DEBUG	Calling shutdown blocker for <unnamed-provider>
1493765188258	addons.manager	DEBUG	Calling shutdown blocker for PreviousExperimentProvider
1493765188260	addons.xpi	DEBUG	Notifying XPI shutdown observers
1493765188263	addons.manager	DEBUG	Async provider shutdown done

###!!! [Child][MessageChannel::SendAndWait] Error: Channel error: cannot send/recv


Build info: version: '2.53.0', revision: '35ae25b1534ae328c771e0856c93e187490ca824', time: '2016-03-15 10:43:46'
System info: host: 'DESKTOP-DDRFOJS', ip: '192.168.0.101', os.name: 'Windows 10', os.arch: 'amd64', os.version: '10.0', java.version: '1.8.0_121'
Driver info: driver.version: FirefoxDriver
	at org.openqa.selenium.firefox.internal.NewProfileExtensionConnection.start(NewProfileExtensionConnection.java:125)
	at org.openqa.selenium.firefox.FirefoxDriver.startClient(FirefoxDriver.java:271)
	at org.openqa.selenium.remote.RemoteWebDriver.<init>(RemoteWebDriver.java:119)
	at org.openqa.selenium.firefox.FirefoxDriver.<init>(FirefoxDriver.java:216)
	at org.openqa.selenium.firefox.FirefoxDriver.<init>(FirefoxDriver.java:211)
	at org.openqa.selenium.firefox.FirefoxDriver.<init>(FirefoxDriver.java:207)
	at org.openqa.selenium.firefox.FirefoxDriver.<init>(FirefoxDriver.java:120)
	at ru.LoginTest.MailTest.setUp(MailTest.java:21)
	at sun.reflect.NativeMethodAccessorImpl.invoke0(Native Method)
	at sun.reflect.NativeMethodAccessorImpl.invoke(NativeMethodAccessorImpl.java:62)
	at sun.reflect.DelegatingMethodAccessorImpl.invoke(DelegatingMethodAccessorImpl.java:43)
	at java.lang.reflect.Method.invoke(Method.java:498)
	at org.junit.runners.model.FrameworkMethod$1.runReflectiveCall(FrameworkMethod.java:47)
	at org.junit.internal.runners.model.ReflectiveCallable.run(ReflectiveCallable.java:12)
	at org.junit.runners.model.FrameworkMethod.invokeExplosively(FrameworkMethod.java:44)
	at org.junit.internal.runners.statements.RunBefores.evaluate(RunBefores.java:24)
	at org.junit.internal.runners.statements.RunAfters.evaluate(RunAfters.java:27)
	at org.junit.runners.ParentRunner.runLeaf(ParentRunner.java:271)
	at org.junit.runners.BlockJUnit4ClassRunner.runChild(BlockJUnit4ClassRunner.java:70)
	at org.junit.runners.BlockJUnit4ClassRunner.runChild(BlockJUnit4ClassRunner.java:50)
	at org.junit.runners.ParentRunner$3.run(ParentRunner.java:238)
	at org.junit.runners.ParentRunner$1.schedule(ParentRunner.java:63)
	at org.junit.runners.ParentRunner.runChildren(ParentRunner.java:236)
	at org.junit.runners.ParentRunner.access$000(ParentRunner.java:53)
	at org.junit.runners.ParentRunner$2.evaluate(ParentRunner.java:229)
	at org.junit.runners.ParentRunner.run(ParentRunner.java:309)
	at org.apache.maven.surefire.junit4.JUnit4Provider.execute(JUnit4Provider.java:252)
	at org.apache.maven.surefire.junit4.JUnit4Provider.executeTestSet(JUnit4Provider.java:141)
	at org.apache.maven.surefire.junit4.JUnit4Provider.invoke(JUnit4Provider.java:112)
	at sun.reflect.NativeMethodAccessorImpl.invoke0(Native Method)
	at sun.reflect.NativeMethodAccessorImpl.invoke(NativeMethodAccessorImpl.java:62)
	at sun.reflect.DelegatingMethodAccessorImpl.invoke(DelegatingMethodAccessorImpl.java:43)
	at java.lang.reflect.Method.invoke(Method.java:498)
	at org.apache.maven.surefire.util.ReflectionUtils.invokeMethodWithArray(ReflectionUtils.java:189)
	at org.apache.maven.surefire.booter.ProviderFactory$ProviderProxy.invoke(ProviderFactory.java:165)
	at org.apache.maven.surefire.booter.ProviderFactory.invokeProvider(ProviderFactory.java:85)
	at org.apache.maven.surefire.booter.ForkedBooter.runSuitesInProcess(ForkedBooter.java:115)
	at org.apache.maven.surefire.booter.ForkedBooter.main(ForkedBooter.java:75)
Caused by: org.openqa.selenium.firefox.NotConnectedException: Unable to connect to host 127.0.0.1 on port 7055 after 45000 ms. Firefox console output:
bootstrap method startup on e10srollout@mozilla.org version 1.14
1493765145860	addons.xpi	DEBUG	Registering manifest for C:\Program Files (x86)\Mozilla Firefox\browser\features\firefox@getpocket.com.xpi
1493765145861	addons.xpi	DEBUG	Calling bootstrap method startup on firefox@getpocket.com version 1.0.5
1493765145862	addons.xpi	DEBUG	Registering manifest for C:\Program Files (x86)\Mozilla Firefox\browser\features\webcompat@mozilla.org.xpi
1493765145862	addons.xpi	DEBUG	Calling bootstrap method startup on webcompat@mozilla.org version 1.0
1493765145864	addons.manager	DEBUG	Registering shutdown blocker for XPIProvider
1493765145864	addons.manager	DEBUG	Provider finished startup: XPIProvider
1493765145864	addons.manager	DEBUG	Starting provider: LightweightThemeManager
1493765145865	addons.manager	DEBUG	Registering shutdown blocker for LightweightThemeManager
1493765145865	addons.manager	DEBUG	Provider finished startup: LightweightThemeManager
1493765145865	addons.manager	DEBUG	Starting provider: GMPProvider
1493765145869	addons.manager	DEBUG	Registering shutdown blocker for GMPProvider
1493765145870	addons.manager	DEBUG	Provider finished startup: GMPProvider
1493765145870	addons.manager	DEBUG	Starting provider: PluginProvider
1493765145870	addons.manager	DEBUG	Registering shutdown blocker for PluginProvider
1493765145870	addons.manager	DEBUG	Provider finished startup: PluginProvider
1493765145871	addons.manager	DEBUG	Completed startup sequence
1493765146339	DeferredSave.extensions.json	DEBUG	Starting timer
1493765146350	addons.manager	DEBUG	Starting provider: <unnamed-provider>
1493765146350	addons.manager	DEBUG	Registering shutdown blocker for <unnamed-provider>
1493765146350	addons.manager	DEBUG	Provider finished startup: <unnamed-provider>
1493765146416	DeferredSave.extensions.json	DEBUG	Starting write
1493765146505	addons.repository	DEBUG	No addons.json found.
1493765146506	DeferredSave.addons.json	DEBUG	Save changes
1493765146509	DeferredSave.addons.json	DEBUG	Starting timer
1493765146548	addons.manager	DEBUG	Starting provider: PreviousExperimentProvider
1493765146548	addons.manager	DEBUG	Registering shutdown blocker for PreviousExperimentProvider
1493765146548	addons.manager	DEBUG	Provider finished startup: PreviousExperimentProvider
1493765146561	DeferredSave.addons.json	DEBUG	Starting write
1493765146564	DeferredSave.extensions.json	DEBUG	Write succeeded
1493765146606	DeferredSave.addons.json	DEBUG	Write succeeded
1493765188082	addons.xpi	DEBUG	Calling bootstrap method shutdown on webcompat@mozilla.org version 1.0
1493765188083	addons.xpi	DEBUG	Calling bootstrap method shutdown on firefox@getpocket.com version 1.0.5
1493765188084	addons.xpi	DEBUG	Calling bootstrap method shutdown on e10srollout@mozilla.org version 1.14
1493765188087	addons.xpi	DEBUG	Calling bootstrap method shutdown on aushelper@mozilla.org version 2.0
[GPU 10432] WARNING: pipe error: 109: file c:/builds/moz2_slave/m-rel-w32-00000000000000000000/build/src/ipc/chromium/src/chrome/common/ipc_channel_win.cc, line 346
[Child 19428] WARNING: pipe error: 109: file c:/builds/moz2_slave/m-rel-w32-00000000000000000000/build/src/ipc/chromium/src/chrome/common/ipc_channel_win.cc, line 346
1493765188252	addons.manager	DEBUG	shutdown
1493765188253	addons.manager	DEBUG	Calling shutdown blocker for XPIProvider
1493765188253	addons.xpi	DEBUG	shutdown
1493765188253	addons.xpi-utils	DEBUG	shutdown
1493765188253	addons.manager	DEBUG	Calling shutdown blocker for LightweightThemeManager
1493765188254	addons.manager	DEBUG	Calling shutdown blocker for GMPProvider
1493765188257	addons.manager	DEBUG	Calling shutdown blocker for PluginProvider
1493765188257	addons.manager	DEBUG	Calling shutdown blocker for <unnamed-provider>
1493765188258	addons.manager	DEBUG	Calling shutdown blocker for PreviousExperimentProvider
1493765188260	addons.xpi	DEBUG	Notifying XPI shutdown observers
1493765188263	addons.manager	DEBUG	Async provider shutdown done

###!!! [Child][MessageChannel::SendAndWait] Error: Channel error: cannot send/recv


	at org.openqa.selenium.firefox.internal.NewProfileExtensionConnection.start(NewProfileExtensionConnection.java:113)
	... 37 more

testMail(ru.LoginTest.MailTest)  Time elapsed: 47.673 sec  <<< ERROR!
java.lang.NullPointerException
	at ru.LoginTest.MailTest.tearDown(MailTest.java:42)
	at sun.reflect.NativeMethodAccessorImpl.invoke0(Native Method)
	at sun.reflect.NativeMethodAccessorImpl.invoke(NativeMethodAccessorImpl.java:62)
	at sun.reflect.DelegatingMethodAccessorImpl.invoke(DelegatingMethodAccessorImpl.java:43)
	at java.lang.reflect.Method.invoke(Method.java:498)
	at org.junit.runners.model.FrameworkMethod$1.runReflectiveCall(FrameworkMethod.java:47)
	at org.junit.internal.runners.model.ReflectiveCallable.run(ReflectiveCallable.java:12)
	at org.junit.runners.model.FrameworkMethod.invokeExplosively(FrameworkMethod.java:44)
	at org.junit.internal.runners.statements.RunAfters.evaluate(RunAfters.java:33)
	at org.junit.runners.ParentRunner.runLeaf(ParentRunner.java:271)
	at org.junit.runners.BlockJUnit4ClassRunner.runChild(BlockJUnit4ClassRunner.java:70)
	at org.junit.runners.BlockJUnit4ClassRunner.runChild(BlockJUnit4ClassRunner.java:50)
	at org.junit.runners.ParentRunner$3.run(ParentRunner.java:238)
	at org.junit.runners.ParentRunner$1.schedule(ParentRunner.java:63)
	at org.junit.runners.ParentRunner.runChildren(ParentRunner.java:236)
	at org.junit.runners.ParentRunner.access$000(ParentRunner.java:53)
	at org.junit.runners.ParentRunner$2.evaluate(ParentRunner.java:229)
	at org.junit.runners.ParentRunner.run(ParentRunner.java:309)
	at org.apache.maven.surefire.junit4.JUnit4Provider.execute(JUnit4Provider.java:252)
	at org.apache.maven.surefire.junit4.JUnit4Provider.executeTestSet(JUnit4Provider.java:141)
	at org.apache.maven.surefire.junit4.JUnit4Provider.invoke(JUnit4Provider.java:112)
	at sun.reflect.NativeMethodAccessorImpl.invoke0(Native Method)
	at sun.reflect.NativeMethodAccessorImpl.invoke(NativeMethodAccessorImpl.java:62)
	at sun.reflect.DelegatingMethodAccessorImpl.invoke(DelegatingMethodAccessorImpl.java:43)
	at java.lang.reflect.Method.invoke(Method.java:498)
	at org.apache.maven.surefire.util.ReflectionUtils.invokeMethodWithArray(ReflectionUtils.java:189)
	at org.apache.maven.surefire.booter.ProviderFactory$ProviderProxy.invoke(ProviderFactory.java:165)
	at org.apache.maven.surefire.booter.ProviderFactory.invokeProvider(ProviderFactory.java:85)
	at org.apache.maven.surefire.booter.ForkedBooter.runSuitesInProcess(ForkedBooter.java:115)
	at org.apache.maven.surefire.booter.ForkedBooter.main(ForkedBooter.java:75)

