<?xml version="1.0" encoding="UTF-8" ?>
<testsuite tests="2" failures="0" name="ru.LoginTest.MailTest" time="95.344" errors="2" skipped="0">
  <properties>
    <property name="idea.version" value="2017.1.2"/>
    <property name="java.runtime.name" value="Java(TM) SE Runtime Environment"/>
    <property name="sun.boot.library.path" value="C:\Program Files\Java\jdk1.8.0_121\jre\bin"/>
    <property name="java.vm.version" value="25.121-b13"/>
    <property name="java.vm.vendor" value="Oracle Corporation"/>
    <property name="maven.multiModuleProjectDirectory" value="D:\FirstTest"/>
    <property name="java.vendor.url" value="http://java.oracle.com/"/>
    <property name="path.separator" value=";"/>
    <property name="guice.disable.misplaced.annotation.check" value="true"/>
    <property name="java.vm.name" value="Java HotSpot(TM) 64-Bit Server VM"/>
    <property name="file.encoding.pkg" value="sun.io"/>
    <property name="user.script" value=""/>
    <property name="user.country" value="RU"/>
    <property name="sun.java.launcher" value="SUN_STANDARD"/>
    <property name="sun.os.patch.level" value=""/>
    <property name="java.vm.specification.name" value="Java Virtual Machine Specification"/>
    <property name="user.dir" value="D:\FirstTest"/>
    <property name="java.runtime.version" value="1.8.0_121-b13"/>
    <property name="java.awt.graphicsenv" value="sun.awt.Win32GraphicsEnvironment"/>
    <property name="java.endorsed.dirs" value="C:\Program Files\Java\jdk1.8.0_121\jre\lib\endorsed"/>
    <property name="os.arch" value="amd64"/>
    <property name="java.io.tmpdir" value="C:\Users\4918~1\AppData\Local\Temp\"/>
    <property name="line.separator" value="
"/>
    <property name="java.vm.specification.vendor" value="Oracle Corporation"/>
    <property name="user.variant" value=""/>
    <property name="os.name" value="Windows 10"/>
    <property name="classworlds.conf" value="C:\Program Files\Maven\apache-maven-3.5.0\bin\m2.conf"/>
    <property name="sun.jnu.encoding" value="Cp1251"/>
    <property name="java.library.path" value="C:\Program Files\Java\jdk1.8.0_121\bin;C:\WINDOWS\Sun\Java\bin;C:\WINDOWS\system32;C:\WINDOWS;C:\ProgramData\Oracle\Java\javapath;C:\WINDOWS\system32;C:\WINDOWS;C:\WINDOWS\System32\Wbem;C:\WINDOWS\System32\WindowsPowerShell\v1.0\;C:\WINDOWS\system32;C:\WINDOWS;C:\WINDOWS\System32\Wbem;C:\WINDOWS\System32\WindowsPowerShell\v1.0\;C:\Users\Владислав\.dnx\bin;C:\Program Files\Microsoft DNX\Dnvm\;C:\Program Files\Microsoft SQL Server\130\Tools\Binn\;C:\Program Files (x86)\NVIDIA Corporation\PhysX\Common;C:\Program Files\Common Files\Autodesk Shared\;C:\Program Files (x86)\Autodesk\Backburner\;C:\Program Files\Git\cmd;C:\Program Files (x86)\Skype\Phone\;C:\Program Files\Java\jdk1.8.0_121\bin;C:\Program Files\Maven\apache-maven-3.5.0/bin;;."/>
    <property name="maven.conf" value="C:\Program Files\Maven\apache-maven-3.5.0/conf"/>
    <property name="java.specification.name" value="Java Platform API Specification"/>
    <property name="java.class.version" value="52.0"/>
    <property name="sun.management.compiler" value="HotSpot 64-Bit Tiered Compilers"/>
    <property name="os.version" value="10.0"/>
    <property name="library.jansi.path" value="C:\Program Files\Maven\apache-maven-3.5.0\lib\jansi-native\windows64"/>
    <property name="user.home" value="C:\Users\Владислав"/>
    <property name="user.timezone" value="Europe/Moscow"/>
    <property name="java.awt.printerjob" value="sun.awt.windows.WPrinterJob"/>
    <property name="java.specification.version" value="1.8"/>
    <property name="file.encoding" value="UTF-8"/>
    <property name="user.name" value="Владислав"/>
    <property name="java.class.path" value="C:\Program Files\Maven\apache-maven-3.5.0\boot\plexus-classworlds-2.5.2.jar;C:\Program Files (x86)\JetBrains\IntelliJ IDEA Community Edition 2017.1\lib\idea_rt.jar"/>
    <property name="java.vm.specification.version" value="1.8"/>
    <property name="sun.arch.data.model" value="64"/>
    <property name="java.home" value="C:\Program Files\Java\jdk1.8.0_121\jre"/>
    <property name="sun.java.command" value="org.codehaus.classworlds.Launcher -Didea.version=2017.1.2 clean test"/>
    <property name="java.specification.vendor" value="Oracle Corporation"/>
    <property name="user.language" value="ru"/>
    <property name="awt.toolkit" value="sun.awt.windows.WToolkit"/>
    <property name="java.vm.info" value="mixed mode"/>
    <property name="java.version" value="1.8.0_121"/>
    <property name="java.ext.dirs" value="C:\Program Files\Java\jdk1.8.0_121\jre\lib\ext;C:\WINDOWS\Sun\Java\lib\ext"/>
    <property name="sun.boot.class.path" value="C:\Program Files\Java\jdk1.8.0_121\jre\lib\resources.jar;C:\Program Files\Java\jdk1.8.0_121\jre\lib\rt.jar;C:\Program Files\Java\jdk1.8.0_121\jre\lib\sunrsasign.jar;C:\Program Files\Java\jdk1.8.0_121\jre\lib\jsse.jar;C:\Program Files\Java\jdk1.8.0_121\jre\lib\jce.jar;C:\Program Files\Java\jdk1.8.0_121\jre\lib\charsets.jar;C:\Program Files\Java\jdk1.8.0_121\jre\lib\jfr.jar;C:\Program Files\Java\jdk1.8.0_121\jre\classes"/>
    <property name="java.vendor" value="Oracle Corporation"/>
    <property name="maven.home" value="C:\Program Files\Maven\apache-maven-3.5.0"/>
    <property name="file.separator" value="\"/>
    <property name="java.vendor.url.bug" value="http://bugreport.sun.com/bugreport/"/>
    <property name="sun.cpu.endian" value="little"/>
    <property name="sun.io.unicode.encoding" value="UnicodeLittle"/>
    <property name="sun.desktop" value="windows"/>
    <property name="sun.cpu.isalist" value="amd64"/>
  </properties>
  <testcase classname="ru.LoginTest.MailTest" name="testMail" time="47.671">
    <error message="Failed to connect to binary FirefoxBinary(C:\Program Files (x86)\Mozilla Firefox\firefox.exe) on port 7055; process output follows: 
bootstrap method startup on e10srollout@mozilla.org version 1.14
1493765145860	addons.xpi	DEBUG	Registering manifest for C:\Program Files (x86)\Mozilla Firefox\browser\features\firefox@getpocket.com.xpi
1493765145861	addons.xpi	DEBUG	Calling bootstrap method startup on firefox@getpocket.com version 1.0.5
1493765145862	addons.xpi	DEBUG	Registering manifest for C:\Program Files (x86)\Mozilla Firefox\browser\features\webcompat@mozilla.org.xpi
1493765145862	addons.xpi	DEBUG	Calling bootstrap method startup on webcompat@mozilla.org version 1.0
1493765145864	addons.manager	DEBUG	Registering shutdown blocker for XPIProvider
1493765145864	addons.manager	DEBUG	Provider finished startup: XPIProvider
1493765145864	addons.manager	DEBUG	Starting provider: LightweightThemeManager
1493765145865	addons.manager	DEBUG	Registering shutdown blocker for LightweightThemeManager
1493765145865	addons.manager	DEBUG	Provider finished startup: LightweightThemeManager
1493765145865	addons.manager	DEBUG	Starting provider: GMPProvider
1493765145869	addons.manager	DEBUG	Registering shutdown blocker for GMPProvider
1493765145870	addons.manager	DEBUG	Provider finished startup: GMPProvider
1493765145870	addons.manager	DEBUG	Starting provider: PluginProvider
1493765145870	addons.manager	DEBUG	Registering shutdown blocker for PluginProvider
1493765145870	addons.manager	DEBUG	Provider finished startup: PluginProvider
1493765145871	addons.manager	DEBUG	Completed startup sequence
1493765146339	DeferredSave.extensions.json	DEBUG	Starting timer
1493765146350	addons.manager	DEBUG	Starting provider: &lt;unnamed-provider&gt;
1493765146350	addons.manager	DEBUG	Registering shutdown blocker for &lt;unnamed-provider&gt;
1493765146350	addons.manager	DEBUG	Provider finished startup: &lt;unnamed-provider&gt;
1493765146416	DeferredSave.extensions.json	DEBUG	Starting write
1493765146505	addons.repository	DEBUG	No addons.json found.
1493765146506	DeferredSave.addons.json	DEBUG	Save changes
1493765146509	DeferredSave.addons.json	DEBUG	Starting timer
1493765146548	addons.manager	DEBUG	Starting provider: PreviousExperimentProvider
1493765146548	addons.manager	DEBUG	Registering shutdown blocker for PreviousExperimentProvider
1493765146548	addons.manager	DEBUG	Provider finished startup: PreviousExperimentProvider
1493765146561	DeferredSave.addons.json	DEBUG	Starting write
1493765146564	DeferredSave.extensions.json	DEBUG	Write succeeded
1493765146606	DeferredSave.addons.json	DEBUG	Write succeeded
1493765188082	addons.xpi	DEBUG	Calling bootstrap method shutdown on webcompat@mozilla.org version 1.0
1493765188083	addons.xpi	DEBUG	Calling bootstrap method shutdown on firefox@getpocket.com version 1.0.5
1493765188084	addons.xpi	DEBUG	Calling bootstrap method shutdown on e10srollout@mozilla.org version 1.14
1493765188087	addons.xpi	DEBUG	Calling bootstrap method shutdown on aushelper@mozilla.org version 2.0
[GPU 10432] WARNING: pipe error: 109: file c:/builds/moz2_slave/m-rel-w32-00000000000000000000/build/src/ipc/chromium/src/chrome/common/ipc_channel_win.cc, line 346
[Child 19428] WARNING: pipe error: 109: file c:/builds/moz2_slave/m-rel-w32-00000000000000000000/build/src/ipc/chromium/src/chrome/common/ipc_channel_win.cc, line 346
1493765188252	addons.manager	DEBUG	shutdown
1493765188253	addons.manager	DEBUG	Calling shutdown blocker for XPIProvider
1493765188253	addons.xpi	DEBUG	shutdown
1493765188253	addons.xpi-utils	DEBUG	shutdown
1493765188253	addons.manager	DEBUG	Calling shutdown blocker for LightweightThemeManager
1493765188254	addons.manager	DEBUG	Calling shutdown blocker for GMPProvider
1493765188257	addons.manager	DEBUG	Calling shutdown blocker for PluginProvider
1493765188257	addons.manager	DEBUG	Calling shutdown blocker for &lt;unnamed-provider&gt;
1493765188258	addons.manager	DEBUG	Calling shutdown blocker for PreviousExperimentProvider
1493765188260	addons.xpi	DEBUG	Notifying XPI shutdown observers
1493765188263	addons.manager	DEBUG	Async provider shutdown done

###!!! [Child][MessageChannel::SendAndWait] Error: Channel error: cannot send/recv


Build info: version: &apos;2.53.0&apos;, revision: &apos;35ae25b1534ae328c771e0856c93e187490ca824&apos;, time: &apos;2016-03-15 10:43:46&apos;
System info: host: &apos;DESKTOP-DDRFOJS&apos;, ip: &apos;192.168.0.101&apos;, os.name: &apos;Windows 10&apos;, os.arch: &apos;amd64&apos;, os.version: &apos;10.0&apos;, java.version: &apos;1.8.0_121&apos;
Driver info: driver.version: FirefoxDriver" type="org.openqa.selenium.WebDriverException">org.openqa.selenium.WebDriverException: Failed to connect to binary FirefoxBinary(C:\Program Files (x86)\Mozilla Firefox\firefox.exe) on port 7055; process output follows: 
bootstrap method startup on e10srollout@mozilla.org version 1.14
1493765145860	addons.xpi	DEBUG	Registering manifest for C:\Program Files (x86)\Mozilla Firefox\browser\features\firefox@getpocket.com.xpi
1493765145861	addons.xpi	DEBUG	Calling bootstrap method startup on firefox@getpocket.com version 1.0.5
1493765145862	addons.xpi	DEBUG	Registering manifest for C:\Program Files (x86)\Mozilla Firefox\browser\features\webcompat@mozilla.org.xpi
1493765145862	addons.xpi	DEBUG	Calling bootstrap method startup on webcompat@mozilla.org version 1.0
1493765145864	addons.manager	DEBUG	Registering shutdown blocker for XPIProvider
1493765145864	addons.manager	DEBUG	Provider finished startup: XPIProvider
1493765145864	addons.manager	DEBUG	Starting provider: LightweightThemeManager
1493765145865	addons.manager	DEBUG	Registering shutdown blocker for LightweightThemeManager
1493765145865	addons.manager	DEBUG	Provider finished startup: LightweightThemeManager
1493765145865	addons.manager	DEBUG	Starting provider: GMPProvider
1493765145869	addons.manager	DEBUG	Registering shutdown blocker for GMPProvider
1493765145870	addons.manager	DEBUG	Provider finished startup: GMPProvider
1493765145870	addons.manager	DEBUG	Starting provider: PluginProvider
1493765145870	addons.manager	DEBUG	Registering shutdown blocker for PluginProvider
1493765145870	addons.manager	DEBUG	Provider finished startup: PluginProvider
1493765145871	addons.manager	DEBUG	Completed startup sequence
1493765146339	DeferredSave.extensions.json	DEBUG	Starting timer
1493765146350	addons.manager	DEBUG	Starting provider: &lt;unnamed-provider&gt;
1493765146350	addons.manager	DEBUG	Registering shutdown blocker for &lt;unnamed-provider&gt;
1493765146350	addons.manager	DEBUG	Provider finished startup: &lt;unnamed-provider&gt;
1493765146416	DeferredSave.extensions.json	DEBUG	Starting write
1493765146505	addons.repository	DEBUG	No addons.json found.
1493765146506	DeferredSave.addons.json	DEBUG	Save changes
1493765146509	DeferredSave.addons.json	DEBUG	Starting timer
1493765146548	addons.manager	DEBUG	Starting provider: PreviousExperimentProvider
1493765146548	addons.manager	DEBUG	Registering shutdown blocker for PreviousExperimentProvider
1493765146548	addons.manager	DEBUG	Provider finished startup: PreviousExperimentProvider
1493765146561	DeferredSave.addons.json	DEBUG	Starting write
1493765146564	DeferredSave.extensions.json	DEBUG	Write succeeded
1493765146606	DeferredSave.addons.json	DEBUG	Write succeeded
1493765188082	addons.xpi	DEBUG	Calling bootstrap method shutdown on webcompat@mozilla.org version 1.0
1493765188083	addons.xpi	DEBUG	Calling bootstrap method shutdown on firefox@getpocket.com version 1.0.5
1493765188084	addons.xpi	DEBUG	Calling bootstrap method shutdown on e10srollout@mozilla.org version 1.14
1493765188087	addons.xpi	DEBUG	Calling bootstrap method shutdown on aushelper@mozilla.org version 2.0
[GPU 10432] WARNING: pipe error: 109: file c:/builds/moz2_slave/m-rel-w32-00000000000000000000/build/src/ipc/chromium/src/chrome/common/ipc_channel_win.cc, line 346
[Child 19428] WARNING: pipe error: 109: file c:/builds/moz2_slave/m-rel-w32-00000000000000000000/build/src/ipc/chromium/src/chrome/common/ipc_channel_win.cc, line 346
1493765188252	addons.manager	DEBUG	shutdown
1493765188253	addons.manager	DEBUG	Calling shutdown blocker for XPIProvider
1493765188253	addons.xpi	DEBUG	shutdown
1493765188253	addons.xpi-utils	DEBUG	shutdown
1493765188253	addons.manager	DEBUG	Calling shutdown blocker for LightweightThemeManager
1493765188254	addons.manager	DEBUG	Calling shutdown blocker for GMPProvider
1493765188257	addons.manager	DEBUG	Calling shutdown blocker for PluginProvider
1493765188257	addons.manager	DEBUG	Calling shutdown blocker for &lt;unnamed-provider&gt;
1493765188258	addons.manager	DEBUG	Calling shutdown blocker for PreviousExperimentProvider
1493765188260	addons.xpi	DEBUG	Notifying XPI shutdown observers
1493765188263	addons.manager	DEBUG	Async provider shutdown done

###!!! [Child][MessageChannel::SendAndWait] Error: Channel error: cannot send/recv


Build info: version: &apos;2.53.0&apos;, revision: &apos;35ae25b1534ae328c771e0856c93e187490ca824&apos;, time: &apos;2016-03-15 10:43:46&apos;
System info: host: &apos;DESKTOP-DDRFOJS&apos;, ip: &apos;192.168.0.101&apos;, os.name: &apos;Windows 10&apos;, os.arch: &apos;amd64&apos;, os.version: &apos;10.0&apos;, java.version: &apos;1.8.0_121&apos;
Driver info: driver.version: FirefoxDriver
	at org.openqa.selenium.firefox.internal.NewProfileExtensionConnection.start(NewProfileExtensionConnection.java:125)
	at org.openqa.selenium.firefox.FirefoxDriver.startClient(FirefoxDriver.java:271)
	at org.openqa.selenium.remote.RemoteWebDriver.&lt;init&gt;(RemoteWebDriver.java:119)
	at org.openqa.selenium.firefox.FirefoxDriver.&lt;init&gt;(FirefoxDriver.java:216)
	at org.openqa.selenium.firefox.FirefoxDriver.&lt;init&gt;(FirefoxDriver.java:211)
	at org.openqa.selenium.firefox.FirefoxDriver.&lt;init&gt;(FirefoxDriver.java:207)
	at org.openqa.selenium.firefox.FirefoxDriver.&lt;init&gt;(FirefoxDriver.java:120)
	at ru.LoginTest.MailTest.setUp(MailTest.java:21)
	at sun.reflect.NativeMethodAccessorImpl.invoke0(Native Method)
	at sun.reflect.NativeMethodAccessorImpl.invoke(NativeMethodAccessorImpl.java:62)
	at sun.reflect.DelegatingMethodAccessorImpl.invoke(DelegatingMethodAccessorImpl.java:43)
	at java.lang.reflect.Method.invoke(Method.java:498)
	at org.junit.runners.model.FrameworkMethod$1.runReflectiveCall(FrameworkMethod.java:47)
	at org.junit.internal.runners.model.ReflectiveCallable.run(ReflectiveCallable.java:12)
	at org.junit.runners.model.FrameworkMethod.invokeExplosively(FrameworkMethod.java:44)
	at org.junit.internal.runners.statements.RunBefores.evaluate(RunBefores.java:24)
	at org.junit.internal.runners.statements.RunAfters.evaluate(RunAfters.java:27)
	at org.junit.runners.ParentRunner.runLeaf(ParentRunner.java:271)
	at org.junit.runners.BlockJUnit4ClassRunner.runChild(BlockJUnit4ClassRunner.java:70)
	at org.junit.runners.BlockJUnit4ClassRunner.runChild(BlockJUnit4ClassRunner.java:50)
	at org.junit.runners.ParentRunner$3.run(ParentRunner.java:238)
	at org.junit.runners.ParentRunner$1.schedule(ParentRunner.java:63)
	at org.junit.runners.ParentRunner.runChildren(ParentRunner.java:236)
	at org.junit.runners.ParentRunner.access$000(ParentRunner.java:53)
	at org.junit.runners.ParentRunner$2.evaluate(ParentRunner.java:229)
	at org.junit.runners.ParentRunner.run(ParentRunner.java:309)
	at org.apache.maven.surefire.junit4.JUnit4Provider.execute(JUnit4Provider.java:252)
	at org.apache.maven.surefire.junit4.JUnit4Provider.executeTestSet(JUnit4Provider.java:141)
	at org.apache.maven.surefire.junit4.JUnit4Provider.invoke(JUnit4Provider.java:112)
	at sun.reflect.NativeMethodAccessorImpl.invoke0(Native Method)
	at sun.reflect.NativeMethodAccessorImpl.invoke(NativeMethodAccessorImpl.java:62)
	at sun.reflect.DelegatingMethodAccessorImpl.invoke(DelegatingMethodAccessorImpl.java:43)
	at java.lang.reflect.Method.invoke(Method.java:498)
	at org.apache.maven.surefire.util.ReflectionUtils.invokeMethodWithArray(ReflectionUtils.java:189)
	at org.apache.maven.surefire.booter.ProviderFactory$ProviderProxy.invoke(ProviderFactory.java:165)
	at org.apache.maven.surefire.booter.ProviderFactory.invokeProvider(ProviderFactory.java:85)
	at org.apache.maven.surefire.booter.ForkedBooter.runSuitesInProcess(ForkedBooter.java:115)
	at org.apache.maven.surefire.booter.ForkedBooter.main(ForkedBooter.java:75)
Caused by: org.openqa.selenium.firefox.NotConnectedException: Unable to connect to host 127.0.0.1 on port 7055 after 45000 ms. Firefox console output:
bootstrap method startup on e10srollout@mozilla.org version 1.14
1493765145860	addons.xpi	DEBUG	Registering manifest for C:\Program Files (x86)\Mozilla Firefox\browser\features\firefox@getpocket.com.xpi
1493765145861	addons.xpi	DEBUG	Calling bootstrap method startup on firefox@getpocket.com version 1.0.5
1493765145862	addons.xpi	DEBUG	Registering manifest for C:\Program Files (x86)\Mozilla Firefox\browser\features\webcompat@mozilla.org.xpi
1493765145862	addons.xpi	DEBUG	Calling bootstrap method startup on webcompat@mozilla.org version 1.0
1493765145864	addons.manager	DEBUG	Registering shutdown blocker for XPIProvider
1493765145864	addons.manager	DEBUG	Provider finished startup: XPIProvider
1493765145864	addons.manager	DEBUG	Starting provider: LightweightThemeManager
1493765145865	addons.manager	DEBUG	Registering shutdown blocker for LightweightThemeManager
1493765145865	addons.manager	DEBUG	Provider finished startup: LightweightThemeManager
1493765145865	addons.manager	DEBUG	Starting provider: GMPProvider
1493765145869	addons.manager	DEBUG	Registering shutdown blocker for GMPProvider
1493765145870	addons.manager	DEBUG	Provider finished startup: GMPProvider
1493765145870	addons.manager	DEBUG	Starting provider: PluginProvider
1493765145870	addons.manager	DEBUG	Registering shutdown blocker for PluginProvider
1493765145870	addons.manager	DEBUG	Provider finished startup: PluginProvider
1493765145871	addons.manager	DEBUG	Completed startup sequence
1493765146339	DeferredSave.extensions.json	DEBUG	Starting timer
1493765146350	addons.manager	DEBUG	Starting provider: &lt;unnamed-provider&gt;
1493765146350	addons.manager	DEBUG	Registering shutdown blocker for &lt;unnamed-provider&gt;
1493765146350	addons.manager	DEBUG	Provider finished startup: &lt;unnamed-provider&gt;
1493765146416	DeferredSave.extensions.json	DEBUG	Starting write
1493765146505	addons.repository	DEBUG	No addons.json found.
1493765146506	DeferredSave.addons.json	DEBUG	Save changes
1493765146509	DeferredSave.addons.json	DEBUG	Starting timer
1493765146548	addons.manager	DEBUG	Starting provider: PreviousExperimentProvider
1493765146548	addons.manager	DEBUG	Registering shutdown blocker for PreviousExperimentProvider
1493765146548	addons.manager	DEBUG	Provider finished startup: PreviousExperimentProvider
1493765146561	DeferredSave.addons.json	DEBUG	Starting write
1493765146564	DeferredSave.extensions.json	DEBUG	Write succeeded
1493765146606	DeferredSave.addons.json	DEBUG	Write succeeded
1493765188082	addons.xpi	DEBUG	Calling bootstrap method shutdown on webcompat@mozilla.org version 1.0
1493765188083	addons.xpi	DEBUG	Calling bootstrap method shutdown on firefox@getpocket.com version 1.0.5
1493765188084	addons.xpi	DEBUG	Calling bootstrap method shutdown on e10srollout@mozilla.org version 1.14
1493765188087	addons.xpi	DEBUG	Calling bootstrap method shutdown on aushelper@mozilla.org version 2.0
[GPU 10432] WARNING: pipe error: 109: file c:/builds/moz2_slave/m-rel-w32-00000000000000000000/build/src/ipc/chromium/src/chrome/common/ipc_channel_win.cc, line 346
[Child 19428] WARNING: pipe error: 109: file c:/builds/moz2_slave/m-rel-w32-00000000000000000000/build/src/ipc/chromium/src/chrome/common/ipc_channel_win.cc, line 346
1493765188252	addons.manager	DEBUG	shutdown
1493765188253	addons.manager	DEBUG	Calling shutdown blocker for XPIProvider
1493765188253	addons.xpi	DEBUG	shutdown
1493765188253	addons.xpi-utils	DEBUG	shutdown
1493765188253	addons.manager	DEBUG	Calling shutdown blocker for LightweightThemeManager
1493765188254	addons.manager	DEBUG	Calling shutdown blocker for GMPProvider
1493765188257	addons.manager	DEBUG	Calling shutdown blocker for PluginProvider
1493765188257	addons.manager	DEBUG	Calling shutdown blocker for &lt;unnamed-provider&gt;
1493765188258	addons.manager	DEBUG	Calling shutdown blocker for PreviousExperimentProvider
1493765188260	addons.xpi	DEBUG	Notifying XPI shutdown observers
1493765188263	addons.manager	DEBUG	Async provider shutdown done

###!!! [Child][MessageChannel::SendAndWait] Error: Channel error: cannot send/recv


	at org.openqa.selenium.firefox.internal.NewProfileExtensionConnection.start(NewProfileExtensionConnection.java:113)
	... 37 more
</error>
    <system-err>org.openqa.selenium.firefox.NotConnectedException: Unable to connect to host 127.0.0.1 on port 7055 after 45000 ms. Firefox console output:
bootstrap method startup on e10srollout@mozilla.org version 1.14
1493765145860	addons.xpi	DEBUG	Registering manifest for C:\Program Files (x86)\Mozilla Firefox\browser\features\firefox@getpocket.com.xpi
1493765145861	addons.xpi	DEBUG	Calling bootstrap method startup on firefox@getpocket.com version 1.0.5
1493765145862	addons.xpi	DEBUG	Registering manifest for C:\Program Files (x86)\Mozilla Firefox\browser\features\webcompat@mozilla.org.xpi
1493765145862	addons.xpi	DEBUG	Calling bootstrap method startup on webcompat@mozilla.org version 1.0
1493765145864	addons.manager	DEBUG	Registering shutdown blocker for XPIProvider
1493765145864	addons.manager	DEBUG	Provider finished startup: XPIProvider
1493765145864	addons.manager	DEBUG	Starting provider: LightweightThemeManager
1493765145865	addons.manager	DEBUG	Registering shutdown blocker for LightweightThemeManager
1493765145865	addons.manager	DEBUG	Provider finished startup: LightweightThemeManager
1493765145865	addons.manager	DEBUG	Starting provider: GMPProvider
1493765145869	addons.manager	DEBUG	Registering shutdown blocker for GMPProvider
1493765145870	addons.manager	DEBUG	Provider finished startup: GMPProvider
1493765145870	addons.manager	DEBUG	Starting provider: PluginProvider
1493765145870	addons.manager	DEBUG	Registering shutdown blocker for PluginProvider
1493765145870	addons.manager	DEBUG	Provider finished startup: PluginProvider
1493765145871	addons.manager	DEBUG	Completed startup sequence
1493765146339	DeferredSave.extensions.json	DEBUG	Starting timer
1493765146350	addons.manager	DEBUG	Starting provider: &lt;unnamed-provider&gt;
1493765146350	addons.manager	DEBUG	Registering shutdown blocker for &lt;unnamed-provider&gt;
1493765146350	addons.manager	DEBUG	Provider finished startup: &lt;unnamed-provider&gt;
1493765146416	DeferredSave.extensions.json	DEBUG	Starting write
1493765146505	addons.repository	DEBUG	No addons.json found.
1493765146506	DeferredSave.addons.json	DEBUG	Save changes
1493765146509	DeferredSave.addons.json	DEBUG	Starting timer
1493765146548	addons.manager	DEBUG	Starting provider: PreviousExperimentProvider
1493765146548	addons.manager	DEBUG	Registering shutdown blocker for PreviousExperimentProvider
1493765146548	addons.manager	DEBUG	Provider finished startup: PreviousExperimentProvider
1493765146561	DeferredSave.addons.json	DEBUG	Starting write
1493765146564	DeferredSave.extensions.json	DEBUG	Write succeeded
1493765146606	DeferredSave.addons.json	DEBUG	Write succeeded
1493765188082	addons.xpi	DEBUG	Calling bootstrap method shutdown on webcompat@mozilla.org version 1.0
1493765188083	addons.xpi	DEBUG	Calling bootstrap method shutdown on firefox@getpocket.com version 1.0.5
1493765188084	addons.xpi	DEBUG	Calling bootstrap method shutdown on e10srollout@mozilla.org version 1.14
1493765188087	addons.xpi	DEBUG	Calling bootstrap method shutdown on aushelper@mozilla.org version 2.0
[GPU 10432] WARNING: pipe error: 109: file c:/builds/moz2_slave/m-rel-w32-00000000000000000000/build/src/ipc/chromium/src/chrome/common/ipc_channel_win.cc, line 346
[Child 19428] WARNING: pipe error: 109: file c:/builds/moz2_slave/m-rel-w32-00000000000000000000/build/src/ipc/chromium/src/chrome/common/ipc_channel_win.cc, line 346
1493765188252	addons.manager	DEBUG	shutdown
1493765188253	addons.manager	DEBUG	Calling shutdown blocker for XPIProvider
1493765188253	addons.xpi	DEBUG	shutdown
1493765188253	addons.xpi-utils	DEBUG	shutdown
1493765188253	addons.manager	DEBUG	Calling shutdown blocker for LightweightThemeManager
1493765188254	addons.manager	DEBUG	Calling shutdown blocker for GMPProvider
1493765188257	addons.manager	DEBUG	Calling shutdown blocker for PluginProvider
1493765188257	addons.manager	DEBUG	Calling shutdown blocker for &lt;unnamed-provider&gt;
1493765188258	addons.manager	DEBUG	Calling shutdown blocker for PreviousExperimentProvider
1493765188260	addons.xpi	DEBUG	Notifying XPI shutdown observers
1493765188263	addons.manager	DEBUG	Async provider shutdown done

###!!! [Child][MessageChannel::SendAndWait] Error: Channel error: cannot send/recv


	at org.openqa.selenium.firefox.internal.NewProfileExtensionConnection.start(NewProfileExtensionConnection.java:113)
	at org.openqa.selenium.firefox.FirefoxDriver.startClient(FirefoxDriver.java:271)
	at org.openqa.selenium.remote.RemoteWebDriver.&lt;init&gt;(RemoteWebDriver.java:119)
	at org.openqa.selenium.firefox.FirefoxDriver.&lt;init&gt;(FirefoxDriver.java:216)
	at org.openqa.selenium.firefox.FirefoxDriver.&lt;init&gt;(FirefoxDriver.java:211)
	at org.openqa.selenium.firefox.FirefoxDriver.&lt;init&gt;(FirefoxDriver.java:207)
	at org.openqa.selenium.firefox.FirefoxDriver.&lt;init&gt;(FirefoxDriver.java:120)
	at ru.LoginTest.MailTest.setUp(MailTest.java:21)
	at sun.reflect.NativeMethodAccessorImpl.invoke0(Native Method)
	at sun.reflect.NativeMethodAccessorImpl.invoke(NativeMethodAccessorImpl.java:62)
	at sun.reflect.DelegatingMethodAccessorImpl.invoke(DelegatingMethodAccessorImpl.java:43)
	at java.lang.reflect.Method.invoke(Method.java:498)
	at org.junit.runners.model.FrameworkMethod$1.runReflectiveCall(FrameworkMethod.java:47)
	at org.junit.internal.runners.model.ReflectiveCallable.run(ReflectiveCallable.java:12)
	at org.junit.runners.model.FrameworkMethod.invokeExplosively(FrameworkMethod.java:44)
	at org.junit.internal.runners.statements.RunBefores.evaluate(RunBefores.java:24)
	at org.junit.internal.runners.statements.RunAfters.evaluate(RunAfters.java:27)
	at org.junit.runners.ParentRunner.runLeaf(ParentRunner.java:271)
	at org.junit.runners.BlockJUnit4ClassRunner.runChild(BlockJUnit4ClassRunner.java:70)
	at org.junit.runners.BlockJUnit4ClassRunner.runChild(BlockJUnit4ClassRunner.java:50)
	at org.junit.runners.ParentRunner$3.run(ParentRunner.java:238)
	at org.junit.runners.ParentRunner$1.schedule(ParentRunner.java:63)
	at org.junit.runners.ParentRunner.runChildren(ParentRunner.java:236)
	at org.junit.runners.ParentRunner.access$000(ParentRunner.java:53)
	at org.junit.runners.ParentRunner$2.evaluate(ParentRunner.java:229)
	at org.junit.runners.ParentRunner.run(ParentRunner.java:309)
	at org.apache.maven.surefire.junit4.JUnit4Provider.execute(JUnit4Provider.java:252)
	at org.apache.maven.surefire.junit4.JUnit4Provider.executeTestSet(JUnit4Provider.java:141)
	at org.apache.maven.surefire.junit4.JUnit4Provider.invoke(JUnit4Provider.java:112)
	at sun.reflect.NativeMethodAccessorImpl.invoke0(Native Method)
	at sun.reflect.NativeMethodAccessorImpl.invoke(NativeMethodAccessorImpl.java:62)
	at sun.reflect.DelegatingMethodAccessorImpl.invoke(DelegatingMethodAccessorImpl.java:43)
	at java.lang.reflect.Method.invoke(Method.java:498)
	at org.apache.maven.surefire.util.ReflectionUtils.invokeMethodWithArray(ReflectionUtils.java:189)
	at org.apache.maven.surefire.booter.ProviderFactory$ProviderProxy.invoke(ProviderFactory.java:165)
	at org.apache.maven.surefire.booter.ProviderFactory.invokeProvider(ProviderFactory.java:85)
	at org.apache.maven.surefire.booter.ForkedBooter.runSuitesInProcess(ForkedBooter.java:115)
	at org.apache.maven.surefire.booter.ForkedBooter.main(ForkedBooter.java:75)
</system-err>
  </testcase>
  <testcase classname="ru.LoginTest.MailTest" name="testMail" time="47.673">
    <error type="java.lang.NullPointerException">java.lang.NullPointerException
	at ru.LoginTest.MailTest.tearDown(MailTest.java:42)
	at sun.reflect.NativeMethodAccessorImpl.invoke0(Native Method)
	at sun.reflect.NativeMethodAccessorImpl.invoke(NativeMethodAccessorImpl.java:62)
	at sun.reflect.DelegatingMethodAccessorImpl.invoke(DelegatingMethodAccessorImpl.java:43)
	at java.lang.reflect.Method.invoke(Method.java:498)
	at org.junit.runners.model.FrameworkMethod$1.runReflectiveCall(FrameworkMethod.java:47)
	at org.junit.internal.runners.model.ReflectiveCallable.run(ReflectiveCallable.java:12)
	at org.junit.runners.model.FrameworkMethod.invokeExplosively(FrameworkMethod.java:44)
	at org.junit.internal.runners.statements.RunAfters.evaluate(RunAfters.java:33)
	at org.junit.runners.ParentRunner.runLeaf(ParentRunner.java:271)
	at org.junit.runners.BlockJUnit4ClassRunner.runChild(BlockJUnit4ClassRunner.java:70)
	at org.junit.runners.BlockJUnit4ClassRunner.runChild(BlockJUnit4ClassRunner.java:50)
	at org.junit.runners.ParentRunner$3.run(ParentRunner.java:238)
	at org.junit.runners.ParentRunner$1.schedule(ParentRunner.java:63)
	at org.junit.runners.ParentRunner.runChildren(ParentRunner.java:236)
	at org.junit.runners.ParentRunner.access$000(ParentRunner.java:53)
	at org.junit.runners.ParentRunner$2.evaluate(ParentRunner.java:229)
	at org.junit.runners.ParentRunner.run(ParentRunner.java:309)
	at org.apache.maven.surefire.junit4.JUnit4Provider.execute(JUnit4Provider.java:252)
	at org.apache.maven.surefire.junit4.JUnit4Provider.executeTestSet(JUnit4Provider.java:141)
	at org.apache.maven.surefire.junit4.JUnit4Provider.invoke(JUnit4Provider.java:112)
	at sun.reflect.NativeMethodAccessorImpl.invoke0(Native Method)
	at sun.reflect.NativeMethodAccessorImpl.invoke(NativeMethodAccessorImpl.java:62)
	at sun.reflect.DelegatingMethodAccessorImpl.invoke(DelegatingMethodAccessorImpl.java:43)
	at java.lang.reflect.Method.invoke(Method.java:498)
	at org.apache.maven.surefire.util.ReflectionUtils.invokeMethodWithArray(ReflectionUtils.java:189)
	at org.apache.maven.surefire.booter.ProviderFactory$ProviderProxy.invoke(ProviderFactory.java:165)
	at org.apache.maven.surefire.booter.ProviderFactory.invokeProvider(ProviderFactory.java:85)
	at org.apache.maven.surefire.booter.ForkedBooter.runSuitesInProcess(ForkedBooter.java:115)
	at org.apache.maven.surefire.booter.ForkedBooter.main(ForkedBooter.java:75)
</error>
  </testcase>
</testsuite>